<?xml version="1.0" encoding="UTF-8"?>
<coverage generated="1664773847489" clover="3.2.0">
  <project timestamp="1664773847489" name="All files">
    <metrics statements="44" coveredstatements="44" conditionals="39" coveredconditionals="37" methods="4" coveredmethods="4" elements="87" coveredelements="85" complexity="0" loc="44" ncloc="44" packages="2" files="2" classes="2"/>
    <package name="src">
      <metrics statements="33" coveredstatements="33" conditionals="37" coveredconditionals="35" methods="3" coveredmethods="3"/>
      <file name="gilded_rose.js" path="/Users/chelsealipson/Downloads/take-home-interview/js-jest/src/gilded_rose.js">
        <metrics statements="33" coveredstatements="33" conditionals="37" coveredconditionals="35" methods="3" coveredmethods="3"/>
        <line num="3" count="16" type="stmt"/>
        <line num="4" count="16" type="stmt"/>
        <line num="5" count="16" type="stmt"/>
        <line num="11" count="1" type="stmt"/>
        <line num="15" count="9" type="stmt"/>
        <line num="17" count="109" type="cond" truecount="4" falsecount="0"/>
        <line num="21" count="58" type="cond" truecount="2" falsecount="0"/>
        <line num="23" count="44" type="cond" truecount="2" falsecount="0"/>
        <line num="24" count="26" type="stmt"/>
        <line num="30" count="51" type="cond" truecount="2" falsecount="0"/>
        <line num="31" count="38" type="stmt"/>
        <line num="32" count="38" type="cond" truecount="2" falsecount="0"/>
        <line num="36" count="24" type="cond" truecount="2" falsecount="0"/>
        <line num="37" count="19" type="cond" truecount="2" falsecount="0"/>
        <line num="38" count="17" type="stmt"/>
        <line num="42" count="24" type="cond" truecount="2" falsecount="0"/>
        <line num="43" count="10" type="cond" truecount="2" falsecount="0"/>
        <line num="44" count="9" type="stmt"/>
        <line num="48" count="24" type="cond" truecount="2" falsecount="0"/>
        <line num="49" count="2" type="stmt"/>
        <line num="55" count="109" type="cond" truecount="2" falsecount="0"/>
        <line num="56" count="91" type="stmt"/>
        <line num="59" count="109" type="cond" truecount="2" falsecount="0"/>
        <line num="60" count="41" type="cond" truecount="2" falsecount="0"/>
        <line num="61" count="34" type="cond" truecount="2" falsecount="0"/>
        <line num="64" count="27" type="cond" truecount="2" falsecount="0"/>
        <line num="65" count="12" type="cond" truecount="2" falsecount="0"/>
        <line num="66" count="3" type="stmt"/>
        <line num="70" count="7" type="stmt"/>
        <line num="74" count="7" type="cond" truecount="1" falsecount="1"/>
        <line num="75" count="7" type="stmt"/>
        <line num="81" count="9" type="stmt"/>
        <line num="85" count="1" type="stmt"/>
      </file>
    </package>
    <package name="test">
      <metrics statements="11" coveredstatements="11" conditionals="2" coveredconditionals="2" methods="1" coveredmethods="1"/>
      <file name="texttest_fixture.js" path="/Users/chelsealipson/Downloads/take-home-interview/js-jest/test/texttest_fixture.js">
        <metrics statements="11" coveredstatements="11" conditionals="2" coveredconditionals="2" methods="1" coveredmethods="1"/>
        <line num="2" count="1" type="stmt"/>
        <line num="4" count="1" type="stmt"/>
        <line num="18" count="1" type="cond" truecount="2" falsecount="0"/>
        <line num="19" count="1" type="stmt"/>
        <line num="21" count="1" type="stmt"/>
        <line num="23" count="1" type="stmt"/>
        <line num="24" count="2" type="stmt"/>
        <line num="25" count="2" type="stmt"/>
        <line num="26" count="18" type="stmt"/>
        <line num="27" count="2" type="stmt"/>
        <line num="30" count="1" type="stmt"/>
      </file>
    </package>
  </project>
</coverage>
