{"/Users/chelsealipson/Downloads/take-home-interview/js-jest/src/gilded_rose.js": {"path":"/Users/chelsealipson/Downloads/take-home-interview/js-jest/src/gilded_rose.js","statementMap":{"0":{"start":{"line":3,"column":4},"end":{"line":3,"column":21}},"1":{"start":{"line":4,"column":4},"end":{"line":4,"column":25}},"2":{"start":{"line":5,"column":4},"end":{"line":5,"column":27}},"3":{"start":{"line":11,"column":4},"end":{"line":11,"column":23}},"4":{"start":{"line":15,"column":4},"end":{"line":79,"column":5}},"5":{"start":{"line":15,"column":17},"end":{"line":15,"column":18}},"6":{"start":{"line":17,"column":6},"end":{"line":53,"column":7}},"7":{"start":{"line":21,"column":8},"end":{"line":26,"column":9}},"8":{"start":{"line":23,"column":10},"end":{"line":25,"column":11}},"9":{"start":{"line":24,"column":12},"end":{"line":24,"column":39}},"10":{"start":{"line":30,"column":8},"end":{"line":52,"column":9}},"11":{"start":{"line":31,"column":10},"end":{"line":31,"column":60}},"12":{"start":{"line":32,"column":10},"end":{"line":51,"column":11}},"13":{"start":{"line":36,"column":12},"end":{"line":40,"column":13}},"14":{"start":{"line":37,"column":14},"end":{"line":39,"column":15}},"15":{"start":{"line":38,"column":16},"end":{"line":38,"column":43}},"16":{"start":{"line":42,"column":12},"end":{"line":46,"column":13}},"17":{"start":{"line":43,"column":14},"end":{"line":45,"column":15}},"18":{"start":{"line":44,"column":16},"end":{"line":44,"column":43}},"19":{"start":{"line":48,"column":12},"end":{"line":50,"column":13}},"20":{"start":{"line":49,"column":14},"end":{"line":49,"column":40}},"21":{"start":{"line":55,"column":6},"end":{"line":57,"column":7}},"22":{"start":{"line":56,"column":8},"end":{"line":56,"column":56}},"23":{"start":{"line":59,"column":6},"end":{"line":78,"column":7}},"24":{"start":{"line":60,"column":8},"end":{"line":77,"column":9}},"25":{"start":{"line":61,"column":10},"end":{"line":72,"column":11}},"26":{"start":{"line":64,"column":12},"end":{"line":68,"column":13}},"27":{"start":{"line":65,"column":14},"end":{"line":67,"column":15}},"28":{"start":{"line":66,"column":16},"end":{"line":66,"column":66}},"29":{"start":{"line":70,"column":12},"end":{"line":71,"column":60}},"30":{"start":{"line":74,"column":10},"end":{"line":76,"column":11}},"31":{"start":{"line":75,"column":12},"end":{"line":75,"column":62}},"32":{"start":{"line":81,"column":4},"end":{"line":81,"column":22}},"33":{"start":{"line":85,"column":0},"end":{"line":88,"column":2}}},"fnMap":{"0":{"name":"(anonymous_0)","decl":{"start":{"line":2,"column":2},"end":{"line":2,"column":3}},"loc":{"start":{"line":2,"column":37},"end":{"line":6,"column":3}},"line":2},"1":{"name":"(anonymous_1)","decl":{"start":{"line":10,"column":2},"end":{"line":10,"column":3}},"loc":{"start":{"line":10,"column":26},"end":{"line":12,"column":3}},"line":10},"2":{"name":"(anonymous_2)","decl":{"start":{"line":13,"column":2},"end":{"line":13,"column":3}},"loc":{"start":{"line":13,"column":18},"end":{"line":82,"column":3}},"line":13}},"branchMap":{"0":{"loc":{"start":{"line":10,"column":14},"end":{"line":10,"column":24}},"type":"default-arg","locations":[{"start":{"line":10,"column":22},"end":{"line":10,"column":24}}],"line":10},"1":{"loc":{"start":{"line":17,"column":6},"end":{"line":53,"column":7}},"type":"if","locations":[{"start":{"line":17,"column":6},"end":{"line":53,"column":7}},{"start":{"line":17,"column":6},"end":{"line":53,"column":7}}],"line":17},"2":{"loc":{"start":{"line":17,"column":10},"end":{"line":18,"column":73}},"type":"binary-expr","locations":[{"start":{"line":17,"column":10},"end":{"line":17,"column":43}},{"start":{"line":18,"column":8},"end":{"line":18,"column":73}}],"line":17},"3":{"loc":{"start":{"line":21,"column":8},"end":{"line":26,"column":9}},"type":"if","locations":[{"start":{"line":21,"column":8},"end":{"line":26,"column":9}},{"start":{"line":21,"column":8},"end":{"line":26,"column":9}}],"line":21},"4":{"loc":{"start":{"line":23,"column":10},"end":{"line":25,"column":11}},"type":"if","locations":[{"start":{"line":23,"column":10},"end":{"line":25,"column":11}},{"start":{"line":23,"column":10},"end":{"line":25,"column":11}}],"line":23},"5":{"loc":{"start":{"line":30,"column":8},"end":{"line":52,"column":9}},"type":"if","locations":[{"start":{"line":30,"column":8},"end":{"line":52,"column":9}},{"start":{"line":30,"column":8},"end":{"line":52,"column":9}}],"line":30},"6":{"loc":{"start":{"line":32,"column":10},"end":{"line":51,"column":11}},"type":"if","locations":[{"start":{"line":32,"column":10},"end":{"line":51,"column":11}},{"start":{"line":32,"column":10},"end":{"line":51,"column":11}}],"line":32},"7":{"loc":{"start":{"line":36,"column":12},"end":{"line":40,"column":13}},"type":"if","locations":[{"start":{"line":36,"column":12},"end":{"line":40,"column":13}},{"start":{"line":36,"column":12},"end":{"line":40,"column":13}}],"line":36},"8":{"loc":{"start":{"line":37,"column":14},"end":{"line":39,"column":15}},"type":"if","locations":[{"start":{"line":37,"column":14},"end":{"line":39,"column":15}},{"start":{"line":37,"column":14},"end":{"line":39,"column":15}}],"line":37},"9":{"loc":{"start":{"line":42,"column":12},"end":{"line":46,"column":13}},"type":"if","locations":[{"start":{"line":42,"column":12},"end":{"line":46,"column":13}},{"start":{"line":42,"column":12},"end":{"line":46,"column":13}}],"line":42},"10":{"loc":{"start":{"line":43,"column":14},"end":{"line":45,"column":15}},"type":"if","locations":[{"start":{"line":43,"column":14},"end":{"line":45,"column":15}},{"start":{"line":43,"column":14},"end":{"line":45,"column":15}}],"line":43},"11":{"loc":{"start":{"line":48,"column":12},"end":{"line":50,"column":13}},"type":"if","locations":[{"start":{"line":48,"column":12},"end":{"line":50,"column":13}},{"start":{"line":48,"column":12},"end":{"line":50,"column":13}}],"line":48},"12":{"loc":{"start":{"line":55,"column":6},"end":{"line":57,"column":7}},"type":"if","locations":[{"start":{"line":55,"column":6},"end":{"line":57,"column":7}},{"start":{"line":55,"column":6},"end":{"line":57,"column":7}}],"line":55},"13":{"loc":{"start":{"line":59,"column":6},"end":{"line":78,"column":7}},"type":"if","locations":[{"start":{"line":59,"column":6},"end":{"line":78,"column":7}},{"start":{"line":59,"column":6},"end":{"line":78,"column":7}}],"line":59},"14":{"loc":{"start":{"line":60,"column":8},"end":{"line":77,"column":9}},"type":"if","locations":[{"start":{"line":60,"column":8},"end":{"line":77,"column":9}},{"start":{"line":60,"column":8},"end":{"line":77,"column":9}}],"line":60},"15":{"loc":{"start":{"line":61,"column":10},"end":{"line":72,"column":11}},"type":"if","locations":[{"start":{"line":61,"column":10},"end":{"line":72,"column":11}},{"start":{"line":61,"column":10},"end":{"line":72,"column":11}}],"line":61},"16":{"loc":{"start":{"line":64,"column":12},"end":{"line":68,"column":13}},"type":"if","locations":[{"start":{"line":64,"column":12},"end":{"line":68,"column":13}},{"start":{"line":64,"column":12},"end":{"line":68,"column":13}}],"line":64},"17":{"loc":{"start":{"line":65,"column":14},"end":{"line":67,"column":15}},"type":"if","locations":[{"start":{"line":65,"column":14},"end":{"line":67,"column":15}},{"start":{"line":65,"column":14},"end":{"line":67,"column":15}}],"line":65},"18":{"loc":{"start":{"line":74,"column":10},"end":{"line":76,"column":11}},"type":"if","locations":[{"start":{"line":74,"column":10},"end":{"line":76,"column":11}},{"start":{"line":74,"column":10},"end":{"line":76,"column":11}}],"line":74}},"s":{"0":6,"1":6,"2":6,"3":6,"4":6,"5":6,"6":6,"7":2,"8":1,"9":1,"10":4,"11":4,"12":4,"13":3,"14":3,"15":3,"16":3,"17":2,"18":2,"19":3,"20":1,"21":6,"22":6,"23":6,"24":2,"25":2,"26":1,"27":0,"28":0,"29":1,"30":0,"31":0,"32":6,"33":1},"f":{"0":6,"1":6,"2":6},"b":{"0":[0],"1":[2,4],"2":[6,5],"3":[1,1],"4":[1,0],"5":[4,0],"6":[3,1],"7":[3,0],"8":[3,0],"9":[2,1],"10":[2,0],"11":[1,2],"12":[6,0],"13":[2,4],"14":[2,0],"15":[1,1],"16":[0,1],"17":[0,0],"18":[0,0]},"_coverageSchema":"43e27e138ebf9cfc5966b082cf9a028302ed4184","hash":"390aed57907cd5587f4f7c18bc3035bc8ea9675b"}
}
