TN:
SF:/Users/chelsealipson/Downloads/take-home-interview/js-jest/src/gilded_rose.js
FN:2,(anonymous_0)
FN:10,(anonymous_1)
FN:13,(anonymous_2)
FNF:3
FNH:3
FNDA:16,(anonymous_0)
FNDA:1,(anonymous_1)
FNDA:9,(anonymous_2)
DA:3,16
DA:4,16
DA:5,16
DA:11,1
DA:15,9
DA:17,109
DA:21,58
DA:23,44
DA:24,26
DA:30,51
DA:31,38
DA:32,38
DA:36,24
DA:37,19
DA:38,17
DA:42,24
DA:43,10
DA:44,9
DA:48,24
DA:49,2
DA:55,109
DA:56,91
DA:59,109
DA:60,41
DA:61,34
DA:64,27
DA:65,12
DA:66,3
DA:70,7
DA:74,7
DA:75,7
DA:81,9
DA:85,1
LF:33
LH:33
BRDA:10,0,0,0
BRDA:17,1,0,58
BRDA:17,1,1,51
BRDA:17,2,0,109
BRDA:17,2,1,95
BRDA:21,3,0,44
BRDA:21,3,1,14
BRDA:23,4,0,26
BRDA:23,4,1,18
BRDA:30,5,0,38
BRDA:30,5,1,13
BRDA:32,6,0,24
BRDA:32,6,1,14
BRDA:36,7,0,19
BRDA:36,7,1,5
BRDA:37,8,0,17
BRDA:37,8,1,2
BRDA:42,9,0,10
BRDA:42,9,1,14
BRDA:43,10,0,9
BRDA:43,10,1,1
BRDA:48,11,0,2
BRDA:48,11,1,22
BRDA:55,12,0,91
BRDA:55,12,1,18
BRDA:59,13,0,41
BRDA:59,13,1,68
BRDA:60,14,0,34
BRDA:60,14,1,7
BRDA:61,15,0,27
BRDA:61,15,1,7
BRDA:64,16,0,12
BRDA:64,16,1,15
BRDA:65,17,0,3
BRDA:65,17,1,9
BRDA:74,18,0,7
BRDA:74,18,1,0
BRF:37
BRH:35
end_of_record
TN:
SF:/Users/chelsealipson/Downloads/take-home-interview/js-jest/test/texttest_fixture.js
FN:26,(anonymous_0)
FNF:1
FNH:1
FNDA:18,(anonymous_0)
DA:2,1
DA:4,1
DA:18,1
DA:19,1
DA:21,1
DA:23,1
DA:24,2
DA:25,2
DA:26,18
DA:27,2
DA:30,1
LF:11
LH:11
BRDA:18,0,0,1
BRDA:18,0,1,1
BRF:2
BRH:2
end_of_record
