TN:
SF:/Users/chelsealipson/Downloads/take-home-interview/js-jest/src/gilded_rose.js
FN:2,(anonymous_0)
FN:10,(anonymous_1)
FN:13,(anonymous_2)
FNF:3
FNH:3
FNDA:6,(anonymous_0)
FNDA:6,(anonymous_1)
FNDA:6,(anonymous_2)
DA:3,6
DA:4,6
DA:5,6
DA:11,6
DA:15,6
DA:17,6
DA:21,2
DA:23,1
DA:24,1
DA:30,4
DA:31,4
DA:32,4
DA:36,3
DA:37,3
DA:38,3
DA:42,3
DA:43,2
DA:44,2
DA:48,3
DA:49,1
DA:55,6
DA:56,6
DA:59,6
DA:60,2
DA:61,2
DA:64,1
DA:65,0
DA:66,0
DA:70,1
DA:74,0
DA:75,0
DA:81,6
DA:85,1
LF:33
LH:29
BRDA:10,0,0,0
BRDA:17,1,0,2
BRDA:17,1,1,4
BRDA:17,2,0,6
BRDA:17,2,1,5
BRDA:21,3,0,1
BRDA:21,3,1,1
BRDA:23,4,0,1
BRDA:23,4,1,0
BRDA:30,5,0,4
BRDA:30,5,1,0
BRDA:32,6,0,3
BRDA:32,6,1,1
BRDA:36,7,0,3
BRDA:36,7,1,0
BRDA:37,8,0,3
BRDA:37,8,1,0
BRDA:42,9,0,2
BRDA:42,9,1,1
BRDA:43,10,0,2
BRDA:43,10,1,0
BRDA:48,11,0,1
BRDA:48,11,1,2
BRDA:55,12,0,6
BRDA:55,12,1,0
BRDA:59,13,0,2
BRDA:59,13,1,4
BRDA:60,14,0,2
BRDA:60,14,1,0
BRDA:61,15,0,1
BRDA:61,15,1,1
BRDA:64,16,0,0
BRDA:64,16,1,1
BRDA:65,17,0,0
BRDA:65,17,1,0
BRDA:74,18,0,0
BRDA:74,18,1,0
BRF:37
BRH:24
end_of_record
